#
# A fatal error has been detected by the Java Runtime Environment:
#
#  EXCEPTION_ACCESS_VIOLATION (0xc0000005) at pc=0x00007ffa8dccfd54, pid=8216, tid=27860
#
# JRE version: Java(TM) SE Runtime Environment Oracle GraalVM 25.0.1+8.1 (25.0.1+8) (build 25.0.1+8-LTS-jvmci-b01)
# Java VM: Java HotSpot(TM) 64-Bit Server VM Oracle GraalVM 25.0.1+8.1 (25.0.1+8-LTS-jvmci-b01, mixed mode, sharing, tiered, jvmci, jvmci compiler, compressed oops, compressed class ptrs, parallel gc, windows-amd64)
# Problematic frame:
# V  [jvm.dll+0x45fd54]
#
# No core dump will be written. Minidumps are not enabled by default on client versions of Windows
#
# If you would like to submit a bug report, please visit:
#   https://bugreport.java.com/bugreport/crash.jsp
#

---------------  S U M M A R Y ------------

Command Line: -XX:ThreadPriorityPolicy=1 -XX:+UnlockExperimentalVMOptions -XX:+EnableJVMCIProduct -XX:+EnableJVMCI -XX:-UnlockExperimentalVMOptions -Djdk.xml.maxGeneralEntitySizeLimit=0 -Djdk.xml.totalEntitySizeLimit=0 --add-modules=ALL-SYSTEM --add-opens=java.base/java.util=ALL-UNNAMED --add-opens=java.base/java.lang=ALL-UNNAMED --add-opens=java.base/sun.nio.fs=ALL-UNNAMED -Declipse.application=org.eclipse.jdt.ls.core.id1 -Dosgi.bundles.defaultStartLevel=4 -Declipse.product=org.eclipse.jdt.ls.core.product -Djava.import.generatesMetadataFilesAtProjectRoot=false -DDetectVMInstallationsJob.disabled=true -Dfile.encoding=utf8 -XX:+UseParallelGC -XX:GCTimeRatio=4 -XX:AdaptiveSizePolicyWeight=90 -Dsun.zip.disableMemoryMapping=true -Xmx2G -Xms100m -Xlog:disable -javaagent:c:\Users\17475\.vscode-insiders\extensions\redhat.java-1.51.2025121108-win32-x64\lombok\lombok-1.18.39-4050.jar -XX:+HeapDumpOnOutOfMemoryError -XX:HeapDumpPath=c:\Users\17475\AppData\Roaming\Code - Insiders\User\workspaceStorage\9bba4080f6c77c3f493dbf2a15c11a95\redhat.java -Daether.dependencyCollector.impl=bf -Djdt.core.sharedIndexLocation=C:\Users\17475\AppData\Roaming\.jdt\index -XX:+UnlockDiagnosticVMOptions -XX:+AllowArchivingWithJavaAgent -XX:+AutoCreateSharedArchive -XX:SharedArchiveFile=c:\Users\17475\AppData\Roaming\Code - Insiders\User\globalStorage\redhat.java\1.51.2025121108\jdtls.jsa c:\Users\17475\.vscode-insiders\extensions\redhat.java-1.51.2025121108-win32-x64\server\plugins\org.eclipse.equinox.launcher_1.7.100.v20251111-0406.jar -configuration c:\Users\17475\AppData\Roaming\Code - Insiders\User\globalStorage\redhat.java\1.51.2025121108\config_win -data c:\Users\17475\AppData\Roaming\Code - Insiders\User\workspaceStorage\9bba4080f6c77c3f493dbf2a15c11a95\redhat.java\jdt_ws --pipe=\\.\pipe\lsp-2021dfe974e14a9d0b303b22ef6caff8-sock

Host: 12th Gen Intel(R) Core(TM) i5-12500H, 16 cores, 15G,  Windows 11 , 64 bit Build 26100 (10.0.26100.7309)
Time: Thu Dec 18 13:44:42 2025 elapsed time: 4424.497715 seconds (0d 1h 13m 44s)

---------------  T H R E A D  ---------------

Current thread (0x000001fdd60517f0):  VMThread "VM Thread"          [id=27860, stack(0x000000d30d100000,0x000000d30d200000) (1024K)]

Stack: [0x000000d30d100000,0x000000d30d200000],  sp=0x000000d30d1ff570,  free space=1021k
Native frames: (J=compiled Java code, j=interpreted, Vv=VM code, C=native code)
